<?xml version="1.0" encoding="UTF-8"?>
<!-- Generated by org.testng.reporters.JUnitXMLReporter -->
<testsuite hostname="naveenkumar" ignored="0" name="Default test" tests="4" failures="0" timestamp="28 Dec 2017 10:38:35 GMT" time="0.125" errors="0">
  <testcase name="mavenTest1" time="0.023" classname="SeleniumPractise.maven1Test"/>
  <testcase name="mavenTest2" time="0.003" classname="SeleniumPractise.maven1Test"/>
  <testcase name="mavenTest3" time="0.003" classname="SeleniumPractise.maven1Test"/>
  <testcase name="mavenTest4" time="0.002" classname="SeleniumPractise.maven1Test"/>
</testsuite> <!-- Default test -->
