<?xml version="1.0" encoding="UTF-8"?>
<testng-results skipped="0" failed="0" ignored="0" total="8" passed="8">
  <reporter-output>
  </reporter-output>
  <suite name="Suite" duration-ms="83" started-at="2017-12-29T14:00:57Z" finished-at="2017-12-29T14:00:57Z">
    <groups>
    </groups>
    <test name="Test" duration-ms="83" started-at="2017-12-29T14:00:57Z" finished-at="2017-12-29T14:00:57Z">
      <class name="SeleniumPractise.maven1Test">
        <test-method status="PASS" signature="mavenTest1()[pri:0, instance:SeleniumPractise.maven1Test@380fb434]" name="mavenTest1" duration-ms="0" started-at="2017-12-29T19:30:57Z" finished-at="2017-12-29T19:30:57Z">
          <reporter-output>
          </reporter-output>
        </test-method> <!-- mavenTest1 -->
        <test-method status="PASS" signature="mavenTest2()[pri:0, instance:SeleniumPractise.maven1Test@380fb434]" name="mavenTest2" duration-ms="1" started-at="2017-12-29T19:30:57Z" finished-at="2017-12-29T19:30:57Z">
          <reporter-output>
          </reporter-output>
        </test-method> <!-- mavenTest2 -->
        <test-method status="PASS" signature="mavenTest3()[pri:0, instance:SeleniumPractise.maven1Test@380fb434]" name="mavenTest3" duration-ms="0" started-at="2017-12-29T19:30:57Z" finished-at="2017-12-29T19:30:57Z">
          <reporter-output>
          </reporter-output>
        </test-method> <!-- mavenTest3 -->
        <test-method status="PASS" signature="mavenTest4()[pri:0, instance:SeleniumPractise.maven1Test@380fb434]" name="mavenTest4" duration-ms="1" started-at="2017-12-29T19:30:57Z" finished-at="2017-12-29T19:30:57Z">
          <reporter-output>
          </reporter-output>
        </test-method> <!-- mavenTest4 -->
      </class> <!-- SeleniumPractise.maven1Test -->
      <class name="NavSeleniumFramework.NavSelenium.mavenTest">
        <test-method status="PASS" signature="mavenTest1()[pri:0, instance:NavSeleniumFramework.NavSelenium.mavenTest@3d8c7aca]" name="mavenTest1" duration-ms="14" started-at="2017-12-29T19:30:57Z" finished-at="2017-12-29T19:30:57Z">
          <reporter-output>
          </reporter-output>
        </test-method> <!-- mavenTest1 -->
        <test-method status="PASS" signature="mavenTest2()[pri:0, instance:NavSeleniumFramework.NavSelenium.mavenTest@3d8c7aca]" name="mavenTest2" duration-ms="3" started-at="2017-12-29T19:30:57Z" finished-at="2017-12-29T19:30:57Z">
          <reporter-output>
          </reporter-output>
        </test-method> <!-- mavenTest2 -->
        <test-method status="PASS" signature="mavenTest3()[pri:0, instance:NavSeleniumFramework.NavSelenium.mavenTest@3d8c7aca]" name="mavenTest3" duration-ms="1" started-at="2017-12-29T19:30:57Z" finished-at="2017-12-29T19:30:57Z">
          <reporter-output>
          </reporter-output>
        </test-method> <!-- mavenTest3 -->
        <test-method status="PASS" signature="mavenTest4()[pri:0, instance:NavSeleniumFramework.NavSelenium.mavenTest@3d8c7aca]" name="mavenTest4" duration-ms="1" started-at="2017-12-29T19:30:57Z" finished-at="2017-12-29T19:30:57Z">
          <reporter-output>
          </reporter-output>
        </test-method> <!-- mavenTest4 -->
      </class> <!-- NavSeleniumFramework.NavSelenium.mavenTest -->
    </test> <!-- Test -->
  </suite> <!-- Suite -->
</testng-results>
