<?xml version="1.0" encoding="UTF-8"?>
<!-- Generated by org.testng.reporters.JUnitXMLReporter -->
<testsuite hostname="naveenkumar" ignored="0" name="Test" tests="8" failures="0" timestamp="29 Dec 2017 14:00:57 GMT" time="0.083" errors="0">
  <testcase name="mavenTest1" time="0.014" classname="NavSeleniumFramework.NavSelenium.mavenTest"/>
  <testcase name="mavenTest2" time="0.003" classname="NavSeleniumFramework.NavSelenium.mavenTest"/>
  <testcase name="mavenTest3" time="0.001" classname="NavSeleniumFramework.NavSelenium.mavenTest"/>
  <testcase name="mavenTest4" time="0.001" classname="NavSeleniumFramework.NavSelenium.mavenTest"/>
  <testcase name="mavenTest1" time="0.0" classname="SeleniumPractise.maven1Test"/>
  <testcase name="mavenTest2" time="0.001" classname="SeleniumPractise.maven1Test"/>
  <testcase name="mavenTest3" time="0.0" classname="SeleniumPractise.maven1Test"/>
  <testcase name="mavenTest4" time="0.001" classname="SeleniumPractise.maven1Test"/>
</testsuite> <!-- Test -->
